This is pdfTeX, Version 3.1415926-2.4-1.40.13 (MiKTeX 2.9 64-bit) (preloaded format=pdftex 2013.9.16)  20 MAY 2016 14:45
entering extended mode
**D:/disco_usuario/javier/upm/doctorado/tesis/codigo/kcorebip/mansrc/kcorebip.b
ib

(D:/disco_usuario/javier/upm/doctorado/tesis/codigo/kcorebip/mansrc/kcorebip.bi
b
Overfull \hbox (20.94044pt too wide) in paragraph at lines 51--61
\tenrm nest-ed-ness us-ing quan-ti-ta-tive ma-tri-ces, author=Almeida-Neto, Ma
rio and Ul-rich, Werner, jour-nal=Environmental|

\hbox(6.94444+1.94444)x469.75499, glue set - 1.0
.\tenrm n
.\tenrm e
.\tenrm s
.\tenrm t
.\discretionary
..\tenrm -
.etc.


Overfull \hbox (6.41266pt too wide) in paragraph at lines 153--163
\tenrm Alain and Barthelemy, Marc and Pastor-Satorras, Ro-mualdo and Vespig-nan
i, Alessan-dro, jour-nal=Proceedings|

\hbox(6.94444+1.94444)x469.75499, glue set - 1.0
.\tenrm A
.\tenrm l
.\tenrm a
.\tenrm i
.\tenrm n
.etc.


Overfull \hbox (13.82944pt too wide) in paragraph at lines 153--163
\tenrm of the Na-tional Academy of Sci-ences, vol-ume=101, num-ber=11, pages=37
47--52, year=2004, pub-lisher=National|

\hbox(6.94444+1.94444)x469.75499, glue set - 1.0
.\tenrm o
.\tenrm f
.\glue 3.33333 plus 1.66666 minus 1.11111
.\tenrm t
.\tenrm h
.etc.


Overfull \hbox (14.95425pt too wide) in paragraph at lines 164--173
[]\tenrm @articlebarbera2015critical, ti-tle=The Crit-i-cal Pe-riph-ery in the 
Growth of So-cial Protests, au-thor=Barbera,|

\hbox(6.94444+1.94444)x469.75499, glue set - 1.0
.\hbox(0.0+0.0)x20.0
.\tenrm @
.\tenrm a
.\tenrm r
.\tenrm t
.etc.

[1{C:/Users/algarra/AppData/Local/MiKTeX/2.9/pdftex/config/pdftex.map}]
Overfull \hbox (23.82947pt too wide) in paragraph at lines 174--184
\tenrm of the Na-tional Academy of Sci-ences, vol-ume=100, num-ber=16, pages=93
83--9387, year=2003, pub-lisher=National|

\hbox(6.94444+1.94444)x469.75499, glue set - 1.0
.\tenrm o
.\tenrm f
.\glue 3.33333 plus 1.66666 minus 1.11111
.\tenrm t
.\tenrm h
.etc.


Overfull \hbox (5.88492pt too wide) in paragraph at lines 241--249
\tenrm Sam and Keeler, Kath-leen H, jour-nal=Annual Re-view of Ecol-ogy and Sys
-tem-at-ics, pages=315--347, year=1982,|

\hbox(6.94444+1.94444)x469.75499, glue set - 1.0
.\tenrm S
.\tenrm a
.\tenrm m
.\glue 3.33333 plus 1.66666 minus 1.11111
.\tenrm a
.etc.


Overfull \hbox (2.857pt too wide) in paragraph at lines 289--299
[]\tenrm @articlebrualdi1999nested, ti-tle=Nested species sub-sets, gaps, and d
is-crep-ancy, au-thor=Brualdi, Richard|

\hbox(6.94444+1.94444)x469.75499, glue set - 1.0
.\hbox(0.0+0.0)x20.0
.\tenrm @
.\tenrm a
.\tenrm r
.\tenrm t
.etc.


Overfull \hbox (13.71829pt too wide) in paragraph at lines 300--308
[]\tenrm @articlecardona2006taxonomia, ti-tle=Taxomon[]ia de los mod-e-los de t
opolog[]ia de in-ter-net, au-thor=Cardona,|

\hbox(9.31749+1.94444)x469.75499, glue set - 1.0
.\hbox(0.0+0.0)x20.0
.\tenrm @
.\tenrm a
.\tenrm r
.\tenrm t
.etc.


Overfull \hbox (0.55167pt too wide) in paragraph at lines 331--341
\tenrm Math-e-mat-i-cal Or-ga-ni-za-tion The-ory, vol-ume=11, num-ber=3, pages=
265--281, year=2005, pub-lisher=Springer|

\hbox(6.94444+1.94444)x469.75499, glue set - 1.0
.\tenrm M
.\tenrm a
.\tenrm t
.\tenrm h
.\discretionary
..\tenrm -
.etc.


Underfull \hbox (badness 10000) in paragraph at lines 331--341


\hbox(0.0+0.0)x469.75499
.\glue(\rightskip) 0.0

[2] [3]
Overfull \hbox (15.69055pt too wide) in paragraph at lines 610--620
\tenrm and Saucy, Fran-cis and Bersier, Louis-Felix, jour-nal=Ecological Mod-e
lling, vol-ume=185, num-ber=1, pages=147--|

\hbox(6.94444+1.94444)x469.75499, glue set - 1.0
.\tenrm a
.\tenrm n
.\tenrm d
.\glue 3.33333 plus 1.66666 minus 1.11111
.\tenrm S
.etc.


Overfull \hbox (26.45422pt too wide) in paragraph at lines 664--672
[]\tenrm @articlegilarranz2012architecture, ti-tle=The ar-chi-tec-ture of mu-tu
-al-is-tic weighted net-works, au-thor=Gilarranz,|

\hbox(6.94444+1.94444)x469.75499, glue set - 1.0
.\hbox(0.0+0.0)x20.0
.\tenrm @
.\tenrm a
.\tenrm r
.\tenrm t
.etc.

[4]
Overfull \hbox (2.53763pt too wide) in paragraph at lines 696--706
[]\tenrm @articlegotelli2012statistical, ti-tle=Statistical chal-lenges in null
 model anal-y-sis, au-thor=Gotelli, Nicholas|

\hbox(6.94444+1.94444)x469.75499, glue set - 1.0
.\hbox(0.0+0.0)x20.0
.\tenrm @
.\tenrm a
.\tenrm r
.\tenrm t
.etc.


Overfull \hbox (6.1627pt too wide) in paragraph at lines 707--716
\tenrm animal mu-tu-al-is-tic net-works: a re-view, au-thor=Gu, Hao and Goodale
, Eben and Chen, Jin, jour-nal=Zoological|

\hbox(6.94444+1.94444)x469.75499, glue set - 1.0
.\tenrm a
.\tenrm n
.\tenrm i
.\tenrm m
.\tenrm a
.etc.


Overfull \hbox (3.24594pt too wide) in paragraph at lines 786--796
[]\tenrm @articlejonhson2013factors, ti-tle=Factors de-ter-min-ing nest-ed-ness
 in com-plex net-works, au-thor=Jonhson,|

\hbox(6.94444+1.94444)x469.75499, glue set - 1.0
.\hbox(0.0+0.0)x20.0
.\tenrm @
.\tenrm a
.\tenrm r
.\tenrm t
.etc.

[5]
Overfull \hbox (1.55159pt too wide) in paragraph at lines 1025--1035
[]\tenrm @articlemccann2007protecting, ti-tle=Protecting biostruc-ture, au-thor
=McCann, Kevin, jour-nal=Nature,|

\hbox(6.94444+1.94444)x469.75499, glue set - 1.0
.\hbox(0.0+0.0)x20.0
.\tenrm @
.\tenrm a
.\tenrm r
.\tenrm t
.etc.

[6]
Overfull \hbox (40.7738pt too wide) in paragraph at lines 1089--1099
[]\tenrm @articlememmott2004tolerance, ti-tle=Tolerance of pol-li-na-tion net-w
orks to species ex-tinc-tions, au-thor=Memmott,|

\hbox(6.94444+1.94444)x469.75499, glue set - 1.0
.\hbox(0.0+0.0)x20.0
.\tenrm @
.\tenrm a
.\tenrm r
.\tenrm t
.etc.


Overfull \hbox (28.02386pt too wide) in paragraph at lines 1168--1178
[]\tenrm @articlenewman2004finding, ti-tle=Finding and eval-u-at-ing com-mu-nit
y struc-ture in net-works, au-thor=Newman,|

\hbox(6.94444+1.94444)x469.75499, glue set - 1.0
.\hbox(0.0+0.0)x20.0
.\tenrm @
.\tenrm a
.\tenrm r
.\tenrm t
.etc.


Overfull \hbox (5.03662pt too wide) in paragraph at lines 1168--1178
\tenrm Mark EJ and Gir-van, Michelle, jour-nal=Physical re-view E, vol-ume=69, 
num-ber=2, pages=026113, year=2004,|

\hbox(6.94444+1.94444)x469.75499, glue set - 1.0
.\tenrm M
.\tenrm a
.\tenrm r
.\tenrm k
.\glue 3.33333 plus 1.66666 minus 1.11111
.etc.


Overfull \hbox (13.49605pt too wide) in paragraph at lines 1179--1189
[]\tenrm @articlenewman2006modularity, ti-tle=Modularity and com-mu-nity struc-
ture in net-works, au-thor=Newman,|

\hbox(6.94444+1.94444)x469.75499, glue set - 1.0
.\hbox(0.0+0.0)x20.0
.\tenrm @
.\tenrm a
.\tenrm r
.\tenrm t
.etc.


Overfull \hbox (32.91277pt too wide) in paragraph at lines 1201--1211
[]\tenrm @articleokuyama2008mutualistic, ti-tle=Do mu-tu-al-is-tic net-works fo
l-low power dis-tri-bu-tions?, au-thor=Okuyama,|

\hbox(6.94444+1.94444)x469.75499, glue set - 1.0
.\hbox(0.0+0.0)x20.0
.\tenrm @
.\tenrm a
.\tenrm r
.\tenrm t
.etc.


Overfull \hbox (6.55165pt too wide) in paragraph at lines 1201--1211
\tenrm Toshi-nori, jour-nal=ecological com-plex-ity, vol-ume=5, num-ber=1, page
s=59--65, year=2008, pub-lisher=Elsevier|

\hbox(6.94444+1.94444)x469.75499, glue set - 1.0
.\tenrm T
.\kern-0.83334
.\tenrm o
.\tenrm s
.\tenrm h
.etc.


Underfull \hbox (badness 10000) in paragraph at lines 1201--1211


\hbox(0.0+0.0)x469.75499
.\glue(\rightskip) 0.0

[7]
Overfull \hbox (11.71838pt too wide) in paragraph at lines 1212--1222
\tenrm Venkatasamy, Shadila, jour-nal=Diversity and Dis-tri-bu-tions, vol-ume=8
, num-ber=3, pages=181--192, year=2002,|

\hbox(6.94444+1.94444)x469.75499, glue set - 1.0
.\tenrm V
.\kern-0.83334
.\tenrm e
.\tenrm n
.\tenrm k
.etc.


Overfull \hbox (6.1767pt too wide) in paragraph at lines 1356--1366
\tenrm thor=Raymond, Ben and Hosie, Gra-ham, jour-nal=Ecological Mod-elling, vo
l-ume=220, num-ber=5, pages=673--|

\hbox(6.94444+1.94444)x469.75499, glue set - 1.0
.\tenrm t
.\tenrm h
.\tenrm o
.\tenrm r
.\tenrm =
.etc.

[8]
Overfull \hbox (2.27365pt too wide) in paragraph at lines 1475--1484
[]\tenrm @articlestaniczenko2013ghost, ti-tle=The ghost of nest-ed-ness in eco-
log-i-cal net-works, au-thor=Staniczenko,|

\hbox(6.94444+1.94444)x469.75499, glue set - 1.0
.\hbox(0.0+0.0)x20.0
.\tenrm @
.\tenrm a
.\tenrm r
.\tenrm t
.etc.


Overfull \hbox (7.32722pt too wide) in paragraph at lines 1475--1484
\tenrm Phillip PA and Kopp, Ja-son C and Allesina, Ste-fano, jour-nal=Nature co
m-mu-ni-ca-tions, vol-ume=4, pages=1391,|

\hbox(6.94444+1.94444)x469.75499, glue set - 1.0
.\tenrm P
.\tenrm h
.\tenrm i
.\tenrm l
.\tenrm l
.etc.


Overfull \hbox (0.9404pt too wide) in paragraph at lines 1485--1493
[]\tenrm @articlestenseth1998, au-thor = Stenseth, Nils C. and Falck, Wil-helm 
and Chan, Kung-Sik and Bjrnstad,|

\hbox(6.94444+1.94444)x469.75499, glue set - 1.0
.\hbox(0.0+0.0)x20.0
.\tenrm @
.\tenrm a
.\tenrm r
.\tenrm t
.etc.

[9]
Overfull \hbox (13.1767pt too wide) in paragraph at lines 1584--1594
\tenrm and Gotelli, Nicholas J, jour-nal=Ecology, vol-ume=88, num-ber=7, pages=
1824--1831, year=2007, pub-lisher=Eco|

\hbox(6.94444+1.94444)x469.75499, glue set - 1.0
.\tenrm a
.\tenrm n
.\tenrm d
.\glue 3.33333 plus 1.66666 minus 1.11111
.\tenrm G
.etc.


Overfull \hbox (3.43939pt too wide) in paragraph at lines 1716--1725
\tenrm tite Eco-log-i-cal Net-works, au-thor=Williams, Richard J, jour-nal=PLoS
 One, vol-ume=6, num-ber=3, year=2011,|

\hbox(6.94444+1.94444)x469.75499, glue set - 1.0
.\tenrm t
.\tenrm i
.\tenrm t
.\tenrm e
.\glue 3.33333 plus 1.66666 minus 1.11111
.etc.

[10])
*
! Emergency stop.
<*> ...o/tesis/codigo/kcorebip/mansrc/kcorebip.bib
                                                  
End of file on the terminal!

!  ==> Fatal error occurred, no output PDF file produced!
