This is pdfTeX, Version 3.1415926-2.4-1.40.13 (MiKTeX 2.9 64-bit) (preloaded format=pdflatex 2013.8.13)  22 MAY 2016 23:17
entering extended mode
**D:/disco_usuario/javier/upm/doctorado/tesis/codigo/kcorebip/mansrc/kcorebip_m
an.tex

(D:/disco_usuario/javier/upm/doctorado/tesis/codigo/kcorebip/mansrc/kcorebip_ma
n.tex
LaTeX2e <2011/06/27>
Babel <v3.8m> and hyphenation patterns for english, afrikaans, ancientgreek, ar
abic, armenian, assamese, basque, bengali, bokmal, bulgarian, catalan, coptic, 
croatian, czech, danish, dutch, esperanto, estonian, farsi, finnish, french, ga
lician, german, german-x-2012-05-30, greek, gujarati, hindi, hungarian, iceland
ic, indonesian, interlingua, irish, italian, kannada, kurmanji, latin, latvian,
 lithuanian, malayalam, marathi, mongolian, mongolianlmc, monogreek, ngerman, n
german-x-2012-05-30, nynorsk, oriya, panjabi, pinyin, polish, portuguese, roman
ian, russian, sanskrit, serbian, slovak, slovenian, spanish, swedish, swissgerm
an, tamil, telugu, turkish, turkmen, ukenglish, ukrainian, uppersorbian, usengl
ishmax, welsh, loaded.

(D:\disco_usuario\javier\upm\doctorado\tesis\codigo\kcorebip\mansrc\article.cls
Document Class: article 2014/09/29 v1.4h Standard LaTeX document class
("C:\Program Files\MiKTeX 2.9\tex\latex\base\size12.clo"
File: size12.clo 2007/10/19 v1.4h Standard LaTeX file (size option)
)
\c@part=\count79
\c@section=\count80
\c@subsection=\count81
\c@subsubsection=\count82
\c@paragraph=\count83
\c@subparagraph=\count84
\c@figure=\count85
\c@table=\count86
\abovecaptionskip=\skip41
\belowcaptionskip=\skip42
\bibindent=\dimen102
)
("C:\Program Files\MiKTeX 2.9\tex\latex\graphics\graphicx.sty"
Package: graphicx 1999/02/16 v1.0f Enhanced LaTeX Graphics (DPC,SPQR)

("C:\Program Files\MiKTeX 2.9\tex\latex\graphics\keyval.sty"
Package: keyval 1999/03/16 v1.13 key=value parser (DPC)
\KV@toks@=\toks14
)
("C:\Program Files\MiKTeX 2.9\tex\latex\graphics\graphics.sty"
Package: graphics 2009/02/05 v1.0o Standard LaTeX Graphics (DPC,SPQR)

("C:\Program Files\MiKTeX 2.9\tex\latex\graphics\trig.sty"
Package: trig 1999/03/16 v1.09 sin cos tan (DPC)
)
("C:\Program Files\MiKTeX 2.9\tex\latex\00miktex\graphics.cfg"
File: graphics.cfg 2007/01/18 v1.5 graphics configuration of teTeX/TeXLive
)
Package graphics Info: Driver file: pdftex.def on input line 91.

("C:\Program Files\MiKTeX 2.9\tex\latex\pdftex-def\pdftex.def"
File: pdftex.def 2011/05/27 v0.06d Graphics/color for pdfTeX

("C:\Program Files\MiKTeX 2.9\tex\generic\oberdiek\infwarerr.sty"
Package: infwarerr 2010/04/08 v1.3 Providing info/warning/error messages (HO)
)
("C:\Program Files\MiKTeX 2.9\tex\generic\oberdiek\ltxcmds.sty"
Package: ltxcmds 2011/11/09 v1.22 LaTeX kernel commands for general use (HO)
)
\Gread@gobject=\count87
))
\Gin@req@height=\dimen103
\Gin@req@width=\dimen104
)
("C:\Program Files\MiKTeX 2.9\tex\latex\oberdiek\epstopdf.sty"
Package: epstopdf 2010/02/09 v2.5 Conversion with epstopdf on the fly (HO)

("C:\Program Files\MiKTeX 2.9\tex\latex\oberdiek\epstopdf-base.sty"
Package: epstopdf-base 2010/02/09 v2.5 Base part for package epstopdf

("C:\Program Files\MiKTeX 2.9\tex\latex\oberdiek\grfext.sty"
Package: grfext 2010/08/19 v1.1 Manage graphics extensions (HO)

("C:\Program Files\MiKTeX 2.9\tex\generic\oberdiek\kvdefinekeys.sty"
Package: kvdefinekeys 2011/04/07 v1.3 Define keys (HO)
))
("C:\Program Files\MiKTeX 2.9\tex\latex\oberdiek\kvoptions.sty"
Package: kvoptions 2011/06/30 v3.11 Key value format for package options (HO)

("C:\Program Files\MiKTeX 2.9\tex\generic\oberdiek\kvsetkeys.sty"
Package: kvsetkeys 2012/04/25 v1.16 Key value parser (HO)

("C:\Program Files\MiKTeX 2.9\tex\generic\oberdiek\etexcmds.sty"
Package: etexcmds 2011/02/16 v1.5 Avoid name clashes with e-TeX commands (HO)

("C:\Program Files\MiKTeX 2.9\tex\generic\oberdiek\ifluatex.sty"
Package: ifluatex 2010/03/01 v1.3 Provides the ifluatex switch (HO)
Package ifluatex Info: LuaTeX not detected.
)
Package etexcmds Info: Could not find \expanded.
(etexcmds)             That can mean that you are not using pdfTeX 1.50 or
(etexcmds)             that some package has redefined \expanded.
(etexcmds)             In the latter case, load this package earlier.
)))
("C:\Program Files\MiKTeX 2.9\tex\generic\oberdiek\pdftexcmds.sty"
Package: pdftexcmds 2011/11/29 v0.20 Utility functions of pdfTeX for LuaTeX (HO
)

("C:\Program Files\MiKTeX 2.9\tex\generic\oberdiek\ifpdf.sty"
Package: ifpdf 2011/01/30 v2.3 Provides the ifpdf switch (HO)
Package ifpdf Info: pdfTeX in PDF mode is detected.
)
Package pdftexcmds Info: LuaTeX not detected.
Package pdftexcmds Info: \pdf@primitive is available.
Package pdftexcmds Info: \pdf@ifprimitive is available.
Package pdftexcmds Info: \pdfdraftmode found.
)
Package grfext Info: Graphics extension search list:
(grfext)             [.png,.pdf,.jpg,.mps,.jpeg,.jbig2,.jb2,.PNG,.PDF,.JPG,.JPE
G,.JBIG2,.JB2,.eps]
(grfext)             \AppendGraphicsExtensions on input line 452.
))
("C:\Program Files\MiKTeX 2.9\tex\latex\listings\listings.sty"
\lst@mode=\count88
\lst@gtempboxa=\box26
\lst@token=\toks15
\lst@length=\count89
\lst@currlwidth=\dimen105
\lst@column=\count90
\lst@pos=\count91
\lst@lostspace=\dimen106
\lst@width=\dimen107
\lst@newlines=\count92
\lst@lineno=\count93
\lst@maxwidth=\dimen108

("C:\Program Files\MiKTeX 2.9\tex\latex\listings\lstmisc.sty"
File: lstmisc.sty 2015/06/04 1.6 (Carsten Heinz)
\c@lstnumber=\count94
\lst@skipnumbers=\count95
\lst@framebox=\box27
)
("C:\Program Files\MiKTeX 2.9\tex\latex\listings\listings.cfg"
File: listings.cfg 2015/06/04 1.6 listings configuration
))
Package: listings 2015/06/04 1.6 (Carsten Heinz)

("C:\Program Files\MiKTeX 2.9\tex\latex\biblatex\biblatex.sty"
Package: biblatex 2015/10/21 v3.1 programmable bibliographies (PK/JW/AB)

("C:\Program Files\MiKTeX 2.9\tex\latex\biblatex\biblatex1.sty"
Package: biblatex1 2015/10/21 v3.1 programmable bibliographies (bibtex) (PK/JW/
AB)

("C:\Program Files\MiKTeX 2.9\tex\latex\etoolbox\etoolbox.sty"
Package: etoolbox 2015/08/02 v2.2a e-TeX tools for LaTeX (JAW)

("C:\Program Files\MiKTeX 2.9\tex\latex\misc\etex.sty"
Package: etex 1998/03/26 v2.0 eTeX basic definition package (PEB)
\et@xins=\count96
)
\etb@tempcnta=\count97
)
("C:\Program Files\MiKTeX 2.9\tex\latex\logreq\logreq.sty"
Package: logreq 2010/08/04 v1.0 xml request logger
\lrq@indent=\count98

("C:\Program Files\MiKTeX 2.9\tex\latex\logreq\logreq.def"
File: logreq.def 2010/08/04 v1.0 logreq spec v1.0
))
("C:\Program Files\MiKTeX 2.9\tex\latex\base\ifthen.sty"
Package: ifthen 2001/05/26 v1.1c Standard LaTeX ifthen package (DPC)
)
("C:\Program Files\MiKTeX 2.9\tex\latex\ltxmisc\url.sty"
\Urlmuskip=\muskip10
Package: url 2006/04/12  ver 3.3  Verb mode for urls, etc.
)
\c@tabx@nest=\count99
\c@listtotal=\count100
\c@listcount=\count101
\c@liststart=\count102
\c@liststop=\count103
\c@citecount=\count104
\c@citetotal=\count105
\c@multicitecount=\count106
\c@multicitetotal=\count107
\c@instcount=\count108
\c@maxnames=\count109
\c@minnames=\count110
\c@maxitems=\count111
\c@minitems=\count112
\c@citecounter=\count113
\c@savedcitecounter=\count114
\c@uniquelist=\count115
\c@uniquename=\count116
\c@refsection=\count117
\c@refsegment=\count118
\c@maxextrayear=\count119
\c@maxextraalpha=\count120
\c@abbrvpenalty=\count121
\c@highnamepenalty=\count122
\c@lownamepenalty=\count123
\c@maxparens=\count124
\c@parenlevel=\count125
\blx@tempcnta=\count126
\blx@tempcntb=\count127
\blx@tempcntc=\count128
\blx@maxsection=\count129
\blx@maxsegment=\count130
\blx@notetype=\count131
\blx@parenlevel@text=\count132
\blx@parenlevel@foot=\count133
\labelnumberwidth=\skip43
\labelalphawidth=\skip44
\shorthandwidth=\skip45
\biblabelsep=\skip46
\bibitemsep=\skip47
\bibnamesep=\skip48
\bibinitsep=\skip49
\bibparsep=\skip50
\bibhang=\skip51
\blx@auxin=\read1
\blx@auxout=\write3
\c@mincomprange=\count134
\c@maxcomprange=\count135
\c@mincompwidth=\count136
\c@labelname=\count137
\c@savedlabelname=\count138
\c@author=\count139
\c@savedauthor=\count140
\c@shortauthor=\count141
\c@savedshortauthor=\count142
\c@editor=\count143
\c@savededitor=\count144
\c@editora=\count145
\c@savededitora=\count146
\c@editorb=\count147
\c@savededitorb=\count148
\c@editorc=\count149
\c@savededitorc=\count150
\c@shorteditor=\count151
\c@savedshorteditor=\count152
\c@bookauthor=\count153
\c@savedbookauthor=\count154
\c@translator=\count155
\c@savedtranslator=\count156
\c@annotator=\count157
\c@savedannotator=\count158
\c@commentator=\count159
\c@savedcommentator=\count160
\c@introduction=\count161
\c@savedintroduction=\count162
\c@foreword=\count163
\c@savedforeword=\count164
\c@afterword=\count165
\c@savedafterword=\count166
\c@holder=\count167
\c@savedholder=\count168
\c@namea=\count169
\c@savednamea=\count170
\c@nameb=\count171
\c@savednameb=\count172
\c@namec=\count173
\c@savednamec=\count174
\c@institution=\count175
\c@savedinstitution=\count176
\c@language=\count177
\c@savedlanguage=\count178
\c@location=\count179
\c@savedlocation=\count180
\c@organization=\count181
\c@savedorganization=\count182
\c@origlocation=\count183
\c@savedoriglocation=\count184
\c@origpublisher=\count185
\c@savedorigpublisher=\count186
\c@pageref=\count187
\c@savedpageref=\count188
\c@publisher=\count189
\c@savedpublisher=\count190
\c@lista=\count191
\c@savedlista=\count192
\c@listb=\count193
\c@savedlistb=\count194
\c@listc=\count195
\c@savedlistc=\count196
\c@listd=\count197
\c@savedlistd=\count198
\c@liste=\count199
\c@savedliste=\count200
\c@listf=\count201
\c@savedlistf=\count202
Package biblatex Info: Trying to load compatibility code...
Package biblatex Info: ... file 'blx-compat.def' found.

("C:\Program Files\MiKTeX 2.9\tex\latex\biblatex\blx-compat.def"
File: blx-compat.def 2015/10/21 v3.1 biblatex compatibility (PK/JW/AB)
)
Package biblatex Info: Trying to load generic definitions...
Package biblatex Info: ... file 'biblatex.def' found.

("C:\Program Files\MiKTeX 2.9\tex\latex\biblatex\biblatex.def"
File: biblatex.def 
\c@textcitecount=\count203
\c@textcitetotal=\count204
\c@textcitemaxnames=\count205
\c@biburlnumpenalty=\count206
\c@biburlucpenalty=\count207
\c@biburllcpenalty=\count208
\c@smartand=\count209
)
Package biblatex Info: Trying to load natbib compatibility...
Package biblatex Info: ... file 'blx-natbib.def' found.

("C:\Program Files\MiKTeX 2.9\tex\latex\biblatex\blx-natbib.def"
File: blx-natbib.def 2015/10/21 v3.1 biblatex compatibility (PK/JW/AB)
)
Package biblatex Info: Trying to load bibliography style 'alphabetic'...
Package biblatex Info: ... file 'alphabetic.bbx' found.

("C:\Program Files\MiKTeX 2.9\tex\latex\biblatex\bbx\alphabetic.bbx"
File: alphabetic.bbx 2015/10/21 v3.1 biblatex bibliography style (PK/JW/AB)
Package biblatex Info: Trying to load bibliography style 'standard'...
Package biblatex Info: ... file 'standard.bbx' found.

("C:\Program Files\MiKTeX 2.9\tex\latex\biblatex\bbx\standard.bbx"
File: standard.bbx 2015/10/21 v3.1 biblatex bibliography style (PK/JW/AB)
\c@bbx:relatedcount=\count210
\c@bbx:relatedtotal=\count211
))
Package biblatex Info: Trying to load citation style 'alphabetic'...
Package biblatex Info: ... file 'alphabetic.cbx' found.

("C:\Program Files\MiKTeX 2.9\tex\latex\biblatex\cbx\alphabetic.cbx"
File: alphabetic.cbx 2015/10/21 v3.1 biblatex citation style (PK/JW/AB)
Package biblatex Info: Redefining '\cite'.
Package biblatex Info: Redefining '\parencite'.
Package biblatex Info: Redefining '\footcite'.
Package biblatex Info: Redefining '\footcitetext'.
Package biblatex Info: Redefining '\smartcite'.
Package biblatex Info: Redefining '\textcite'.
Package biblatex Info: Redefining '\textcites'.
Package biblatex Info: Redefining '\cites'.
Package biblatex Info: Redefining '\parencites'.
Package biblatex Info: Redefining '\smartcites'.
)
Package biblatex Info: Trying to load configuration file...
Package biblatex Info: ... file 'biblatex.cfg' found.

("C:\Program Files\MiKTeX 2.9\tex\latex\biblatex\biblatex.cfg"
File: biblatex.cfg 
)))
("C:\Program Files\MiKTeX 2.9\tex\latex\hyperref\hyperref.sty"
Package: hyperref 2012/11/06 v6.83m Hypertext links for LaTeX

("C:\Program Files\MiKTeX 2.9\tex\generic\oberdiek\hobsub-hyperref.sty"
Package: hobsub-hyperref 2012/04/25 v1.12 Bundle oberdiek, subset hyperref (HO)


("C:\Program Files\MiKTeX 2.9\tex\generic\oberdiek\hobsub-generic.sty"
Package: hobsub-generic 2012/04/25 v1.12 Bundle oberdiek, subset generic (HO)
Package: hobsub 2012/04/25 v1.12 Construct package bundles (HO)
Package hobsub Info: Skipping package `infwarerr' (already loaded).
Package hobsub Info: Skipping package `ltxcmds' (already loaded).
Package hobsub Info: Skipping package `ifluatex' (already loaded).
Package: ifvtex 2010/03/01 v1.5 Detect VTeX and its facilities (HO)
Package ifvtex Info: VTeX not detected.
Package: intcalc 2007/09/27 v1.1 Expandable calculations with integers (HO)
Package hobsub Info: Skipping package `ifpdf' (already loaded).
Package hobsub Info: Skipping package `etexcmds' (already loaded).
Package hobsub Info: Skipping package `kvsetkeys' (already loaded).
Package hobsub Info: Skipping package `kvdefinekeys' (already loaded).
Package hobsub Info: Skipping package `pdftexcmds' (already loaded).
Package: pdfescape 2011/11/25 v1.13 Implements pdfTeX's escape features (HO)
Package: bigintcalc 2012/04/08 v1.3 Expandable calculations on big integers (HO
)
Package: bitset 2011/01/30 v1.1 Handle bit-vector datatype (HO)
Package: uniquecounter 2011/01/30 v1.2 Provide unlimited unique counter (HO)
)
Package hobsub Info: Skipping package `hobsub' (already loaded).
Package: letltxmacro 2010/09/02 v1.4 Let assignment for LaTeX macros (HO)
Package: hopatch 2011/06/24 v1.1 Wrapper for package hooks (HO)
Package: xcolor-patch 2011/01/30 xcolor patch
Package: atveryend 2011/06/30 v1.8 Hooks at the very end of document (HO)
Package: atbegshi 2011/10/05 v1.16 At begin shipout hook (HO)
Package: refcount 2011/10/16 v3.4 Data extraction from label references (HO)
Package: hycolor 2011/01/30 v1.7 Color options for hyperref/bookmark (HO)
)
("C:\Program Files\MiKTeX 2.9\tex\generic\ifxetex\ifxetex.sty"
Package: ifxetex 2010/09/12 v0.6 Provides ifxetex conditional
)
("C:\Program Files\MiKTeX 2.9\tex\latex\oberdiek\auxhook.sty"
Package: auxhook 2011/03/04 v1.3 Hooks for auxiliary files (HO)
)
\@linkdim=\dimen109
\Hy@linkcounter=\count212
\Hy@pagecounter=\count213

("C:\Program Files\MiKTeX 2.9\tex\latex\hyperref\pd1enc.def"
File: pd1enc.def 2012/11/06 v6.83m Hyperref: PDFDocEncoding definition (HO)
)
\Hy@SavedSpaceFactor=\count214

("C:\Program Files\MiKTeX 2.9\tex\latex\00miktex\hyperref.cfg"
File: hyperref.cfg 2002/06/06 v1.2 hyperref configuration of TeXLive
)
Package hyperref Info: Hyper figures OFF on input line 4443.
Package hyperref Info: Link nesting OFF on input line 4448.
Package hyperref Info: Hyper index ON on input line 4451.
Package hyperref Info: Plain pages OFF on input line 4458.
Package hyperref Info: Backreferencing OFF on input line 4463.
Package hyperref Info: Implicit mode ON; LaTeX internals redefined.
Package hyperref Info: Bookmarks ON on input line 4688.
\c@Hy@tempcnt=\count215
LaTeX Info: Redefining \url on input line 5041.
\XeTeXLinkMargin=\dimen110
\Fld@menulength=\count216
\Field@Width=\dimen111
\Fld@charsize=\dimen112
Package hyperref Info: Hyper figures OFF on input line 6295.
Package hyperref Info: Link nesting OFF on input line 6300.
Package hyperref Info: Hyper index ON on input line 6303.
Package hyperref Info: backreferencing OFF on input line 6310.
Package hyperref Info: Link coloring OFF on input line 6315.
Package hyperref Info: Link coloring with OCG OFF on input line 6320.
Package hyperref Info: PDF/A mode OFF on input line 6325.
LaTeX Info: Redefining \ref on input line 6365.
LaTeX Info: Redefining \pageref on input line 6369.
\Hy@abspage=\count217
\c@Item=\count218
\c@Hfootnote=\count219
)

Package hyperref Message: Driver (autodetected): hpdftex.

("C:\Program Files\MiKTeX 2.9\tex\latex\hyperref\hpdftex.def"
File: hpdftex.def 2012/11/06 v6.83m Hyperref driver for pdfTeX
\Fld@listcount=\count220
\c@bookmark@seq@number=\count221

("C:\Program Files\MiKTeX 2.9\tex\latex\oberdiek\rerunfilecheck.sty"
Package: rerunfilecheck 2011/04/15 v1.7 Rerun checks for auxiliary files (HO)
Package uniquecounter Info: New unique counter `rerunfilecheck' on input line 2
82.
)
\Hy@SectionHShift=\skip52
)
Package hyperref Info: Option `colorlinks' set `true' on input line 12.
Package biblatex Info: Trying to load language 'english'...
Package biblatex Info: ... file 'english.lbx' found.

("C:\Program Files\MiKTeX 2.9\tex\latex\biblatex\lbx\english.lbx"
File: english.lbx 2015/10/21 v3.1 biblatex localization (PK/JW/AB)
)
\@quotelevel=\count222
\@quotereset=\count223

(D:\disco_usuario\javier\upm\doctorado\tesis\codigo\kcorebip\mansrc\kcorebip_ma
n.aux

LaTeX Warning: Label `fig:KMAN_red_example' multiply defined.


LaTeX Warning: Label `fig:KMAN_red_example' multiply defined.


LaTeX Warning: Label `polar_plot' multiply defined.


LaTeX Warning: Label `fig:KMAN_ziggurat' multiply defined.


LaTeX Warning: Label `fig:KMAN_ziggurat_031' multiply defined.

)
LaTeX Font Info:    Checking defaults for OML/cmm/m/it on input line 20.
LaTeX Font Info:    ... okay on input line 20.
LaTeX Font Info:    Checking defaults for T1/cmr/m/n on input line 20.
LaTeX Font Info:    ... okay on input line 20.
LaTeX Font Info:    Checking defaults for OT1/cmr/m/n on input line 20.
LaTeX Font Info:    ... okay on input line 20.
LaTeX Font Info:    Checking defaults for OMS/cmsy/m/n on input line 20.
LaTeX Font Info:    ... okay on input line 20.
LaTeX Font Info:    Checking defaults for OMX/cmex/m/n on input line 20.
LaTeX Font Info:    ... okay on input line 20.
LaTeX Font Info:    Checking defaults for U/cmr/m/n on input line 20.
LaTeX Font Info:    ... okay on input line 20.
LaTeX Font Info:    Checking defaults for PD1/pdf/m/n on input line 20.
LaTeX Font Info:    ... okay on input line 20.
 ("C:\Program Files\MiKTeX 2.9\tex\context\base\supp-pdf.mkii"
[Loading MPS to PDF converter (version 2006.09.02).]
\scratchcounter=\count224
\scratchdimen=\dimen113
\scratchbox=\box28
\nofMPsegments=\count225
\nofMParguments=\count226
\everyMPshowfont=\toks16
\MPscratchCnt=\count227
\MPscratchDim=\dimen114
\MPnumerator=\count228
\makeMPintoPDFobject=\count229
\everyMPtoPDFconversion=\toks17
)
\c@lstlisting=\count230
Package biblatex Info: No input encoding detected.
(biblatex)             Assuming 'ascii'.
Package biblatex Info: Automatic encoding selection.
(biblatex)             Assuming data encoding 'ascii'.
Package biblatex Info: Trying to load bibliographic data...
Package biblatex Info: ... file 'kcorebip_man.bbl' found.

(D:\disco_usuario\javier\upm\doctorado\tesis\codigo\kcorebip\mansrc\kcorebip_ma
n.bbl)
Package biblatex Info: Reference section=0 on input line 20.
Package biblatex Info: Reference segment=0 on input line 20.
\AtBeginShipoutBox=\box29
 ("C:\Program Files\MiKTeX 2.9\tex\latex\graphics\color.sty"
Package: color 2005/11/14 v1.0j Standard LaTeX Color (DPC)

("C:\Program Files\MiKTeX 2.9\tex\latex\00miktex\color.cfg"
File: color.cfg 2007/01/18 v1.5 color configuration of teTeX/TeXLive
)
Package color Info: Driver file: pdftex.def on input line 130.
)
Package hyperref Info: Link coloring ON on input line 20.

("C:\Program Files\MiKTeX 2.9\tex\latex\hyperref\nameref.sty"
Package: nameref 2012/10/27 v2.43 Cross-referencing by name of section

("C:\Program Files\MiKTeX 2.9\tex\generic\oberdiek\gettitlestring.sty"
Package: gettitlestring 2010/12/03 v1.4 Cleanup title references (HO)
)
\c@section@level=\count231
)
LaTeX Info: Redefining \ref on input line 20.
LaTeX Info: Redefining \pageref on input line 20.
LaTeX Info: Redefining \nameref on input line 20.

(D:\disco_usuario\javier\upm\doctorado\tesis\codigo\kcorebip\mansrc\kcorebip_ma
n.out)
(D:\disco_usuario\javier\upm\doctorado\tesis\codigo\kcorebip\mansrc\kcorebip_ma
n.out)
\@outlinefile=\write4
LaTeX Font Info:    External font `cmex10' loaded for size
(Font)              <14.4> on input line 24.
LaTeX Font Info:    External font `cmex10' loaded for size
(Font)              <7> on input line 24.
LaTeX Font Info:    External font `cmex10' loaded for size
(Font)              <12> on input line 34.
LaTeX Font Info:    External font `cmex10' loaded for size
(Font)              <8> on input line 34.
LaTeX Font Info:    External font `cmex10' loaded for size
(Font)              <6> on input line 34.
 [1

{C:/Users/algarra/AppData/Local/MiKTeX/2.9/pdftex/config/pdftex.map}]
<red_example.pdf, id=29, 845.1575pt x 597.23125pt>
File: red_example.pdf Graphic file (type pdf)
 <use red_example.pdf>
Package pdftex.def Info: red_example.pdf used on input line 48.
(pdftex.def)             Requested size: 338.057pt x 238.88826pt.


Package hyperref Warning: Suppressing empty link on input line 53.


Package hyperref Warning: Suppressing empty link on input line 63.

[2 <D:/disco_usuario/javier/upm/doctorado/tesis/codigo/kcorebip/mansrc/red_exam
ple.pdf, page is rotated 90 degrees>]

Package hyperref Warning: Suppressing empty link on input line 73.

<SD_029_csv.png, id=49, 472.01344pt x 101.62968pt>
File: SD_029_csv.png Graphic file (type png)
 <use SD_029_csv.png>
Package pdftex.def Info: SD_029_csv.png used on input line 84.
(pdftex.def)             Requested size: 377.61127pt x 81.30385pt.

[3 <D:/disco_usuario/javier/upm/doctorado/tesis/codigo/kcorebip/mansrc/SD_029_c
sv.png>]
LaTeX Font Info:    Try loading font information for OMS+cmr on input line 106.

 ("C:\Program Files\MiKTeX 2.9\tex\latex\base\omscmr.fd"
File: omscmr.fd 1999/05/25 v2.5h Standard LaTeX font definitions
)
LaTeX Font Info:    Font shape `OMS/cmr/m/n' in size <10.95> not available
(Font)              Font shape `OMS/cmsy/m/n' tried instead on input line 106.
LaTeX Font Info:    External font `cmex10' loaded for size
(Font)              <10.95> on input line 116.
 [4]
<M_PL_034_polar.png, id=71, 867.24pt x 867.24pt>
File: M_PL_034_polar.png Graphic file (type png)
 <use M_PL_034_polar.png>
Package pdftex.def Info: M_PL_034_polar.png used on input line 197.
(pdftex.def)             Requested size: 346.88986pt x 346.88986pt.


LaTeX Warning: `!h' float specifier changed to `!ht'.

[5

] [6 <D:/disco_usuario/javier/upm/doctorado/tesis/codigo/kcorebip/mansrc/M_PL_0
34_polar.png>] <polar_params.pdf, id=88, 542.025pt x 722.7pt>
File: polar_params.pdf Graphic file (type pdf)

<use polar_params.pdf>
Package pdftex.def Info: polar_params.pdf used on input line 215.
(pdftex.def)             Requested size: 406.51775pt x 542.02367pt.

Overfull \hbox (16.51775pt too wide) in paragraph at lines 215--217
 [][] 
 []


LaTeX Warning: Float too large for page by 8.02367pt on input line 217.

[7 <D:/disco_usuario/javier/upm/doctorado/tesis/codigo/kcorebip/mansrc/polar_pa
rams.pdf>] <M_SD_004_ziggurat.png, id=107, 1011.78pt x 794.97pt>
File: M_SD_004_ziggurat.png Graphic file (type png)

<use M_SD_004_ziggurat.png>
Package pdftex.def Info: M_SD_004_ziggurat.png used on input line 230.
(pdftex.def)             Requested size: 404.70483pt x 317.98236pt.

Overfull \hbox (14.70483pt too wide) in paragraph at lines 230--231
 [][] 
 []

[8


 <D:/disco_usuario/javier/upm/doctorado/tesis/codigo/kcorebip/mansrc/M_SD_004_z
iggurat.png (PNG copy)>]

Package hyperref Warning: Suppressing empty link on input line 277.

[9] <M_SD_004_ziggurat_improved.pdf, id=121, 542.025pt x 722.7pt>
File: M_SD_004_ziggurat_improved.pdf Graphic file (type pdf)

<use M_SD_004_ziggurat_improved.pdf>
Package pdftex.def Info: M_SD_004_ziggurat_improved.pdf used on input line 303.

(pdftex.def)             Requested size: 406.51775pt x 542.02367pt.

Overfull \hbox (16.51775pt too wide) in paragraph at lines 303--306
 [][] 
 []


LaTeX Warning: Float too large for page by 8.02367pt on input line 306.

[10 <D:/disco_usuario/javier/upm/doctorado/tesis/codigo/kcorebip/mansrc/M_SD_00
4_ziggurat_improved.pdf>]
<M_PL_012_ziggurat.png, id=143, 1011.78pt x 794.97pt>
File: M_PL_012_ziggurat.png Graphic file (type png)

<use M_PL_012_ziggurat.png>
Package pdftex.def Info: M_PL_012_ziggurat.png used on input line 322.
(pdftex.def)             Requested size: 404.70483pt x 317.98236pt.

Overfull \hbox (14.70483pt too wide) in paragraph at lines 322--323
 [][] 
 []

[11


 <D:/disco_usuario/javier/upm/doctorado/tesis/codigo/kcorebip/mansrc/M_PL_012_z
iggurat.png (PNG copy)>]
<M_PL_012_ziggurat_improved.pdf, id=149, 542.025pt x 722.7pt>
File: M_PL_012_ziggurat_improved.pdf Graphic file (type pdf)

<use M_PL_012_ziggurat_improved.pdf>
Package pdftex.def Info: M_PL_012_ziggurat_improved.pdf used on input line 333.

(pdftex.def)             Requested size: 406.51775pt x 542.02367pt.

Overfull \hbox (16.51775pt too wide) in paragraph at lines 333--336
 [][] 
 []


LaTeX Warning: Float too large for page by 8.02367pt on input line 336.

[12 <D:/disco_usuario/javier/upm/doctorado/tesis/codigo/kcorebip/mansrc/M_PL_01
2_ziggurat_improved.pdf>] [13


]
<M_PL_031_ziggurat.png, id=168, 817.1328pt x 794.0064pt>
File: M_PL_031_ziggurat.png Graphic file (type png)

<use M_PL_031_ziggurat.png>
Package pdftex.def Info: M_PL_031_ziggurat.png used on input line 370.
(pdftex.def)             Requested size: 367.70636pt x 357.29958pt.
 [14

 <D:/disco_usuario/javier/upm/doctorado/tesis/codigo/kcorebip/mansrc/M_PL_031_z
iggurat.png>]
<M_PL_031_ziggurat_improved.pdf, id=179, 542.025pt x 722.7pt>
File: M_PL_031_ziggurat_improved.pdf Graphic file (type pdf)

<use M_PL_031_ziggurat_improved.pdf>
Package pdftex.def Info: M_PL_031_ziggurat_improved.pdf used on input line 384.

(pdftex.def)             Requested size: 433.62057pt x 578.16078pt.

Overfull \hbox (43.62057pt too wide) in paragraph at lines 384--387
 [][] 
 []


LaTeX Warning: Float too large for page by 44.16078pt on input line 387.

[15 <D:/disco_usuario/javier/upm/doctorado/tesis/codigo/kcorebip/mansrc/M_PL_03
1_ziggurat_improved.pdf>]
<M_SD_025_ziggurat.png, id=209, 1011.78pt x 794.97pt>
File: M_SD_025_ziggurat.png Graphic file (type png)

<use M_SD_025_ziggurat.png>
Package pdftex.def Info: M_SD_025_ziggurat.png used on input line 398.
(pdftex.def)             Requested size: 404.70483pt x 317.98236pt.

Overfull \hbox (14.70483pt too wide) in paragraph at lines 398--401
 [][] 
 []


Overfull \hbox (14.24648pt too wide) in paragraph at lines 413--413
[]               \OT1/cmtt/m/n/10 height_box_y_expand = 2, coremax_triangle_wid
th_factor = 1.25,[] 
 []

[16


 <D:/disco_usuario/javier/upm/doctorado/tesis/codigo/kcorebip/mansrc/M_SD_025_z
iggurat.png (PNG copy)>]
LaTeX Font Info:    Font shape `OMS/cmr/m/n' in size <12> not available
(Font)              Font shape `OMS/cmsy/m/n' tried instead on input line 423.
 [17

]
Overfull \hbox (2.88756pt too wide) in paragraph at lines 479--480
[]\OT1/cmtt/m/n/10.95 kcore2tail[]vertical[]separation\OT1/cmr/m/n/10.95 : ex-p
and ver-ti-cal of kshell 1 species linked
 []


Overfull \hbox (10.00514pt too wide) in paragraph at lines 483--484
[]\OT1/cmtt/m/n/10.95 innertail[]vertical[]separation\OT1/cmr/m/n/10.95 : ex-pa
nd ver-ti-cal sep-a-ra-tion of kshell species
 []

[18] [19]
Package atveryend Info: Empty hook `BeforeClearDocument' on input line 556.
 [20

]
Package atveryend Info: Empty hook `AfterLastShipout' on input line 556.

(D:\disco_usuario\javier\upm\doctorado\tesis\codigo\kcorebip\mansrc\kcorebip_ma
n.aux)
Package atveryend Info: Executing hook `AtVeryEndDocument' on input line 556.
Package atveryend Info: Executing hook `AtEndAfterFileList' on input line 556.
Package rerunfilecheck Info: File `kcorebip_man.out' has not changed.
(rerunfilecheck)             Checksum: 1863B14B769CA35A970F1D7D84548097;47.


LaTeX Warning: There were multiply-defined labels.

Package logreq Info: Writing requests to 'kcorebip_man.run.xml'.
 ) 
Here is how much of TeX's memory you used:
 11332 strings out of 493921
 181442 string characters out of 3147276
 369152 words of memory out of 3000000
 14458 multiletter control sequences out of 15000+200000
 10923 words of font info for 39 fonts, out of 3000000 for 9000
 841 hyphenation exceptions out of 8191
 42i,7n,48p,890b,925s stack positions out of 5000i,500n,10000p,200000b,50000s
<C:/Program Files/MiKTeX 2.9/fonts/type1/public/amsfonts/cm/cmbx10.pfb><C:/Pr
ogram Files/MiKTeX 2.9/fonts/type1/public/amsfonts/cm/cmbx12.pfb><C:/Program Fi
les/MiKTeX 2.9/fonts/type1/public/amsfonts/cm/cmex10.pfb><C:/Program Files/MiKT
eX 2.9/fonts/type1/public/amsfonts/cm/cmmi10.pfb><C:/Program Files/MiKTeX 2.9/f
onts/type1/public/amsfonts/cm/cmmi12.pfb><C:/Program Files/MiKTeX 2.9/fonts/typ
e1/public/amsfonts/cm/cmmi6.pfb><C:/Program Files/MiKTeX 2.9/fonts/type1/public
/amsfonts/cm/cmmi8.pfb><C:/Program Files/MiKTeX 2.9/fonts/type1/public/amsfonts
/cm/cmr10.pfb><C:/Program Files/MiKTeX 2.9/fonts/type1/public/amsfonts/cm/cmr12
.pfb><C:/Program Files/MiKTeX 2.9/fonts/type1/public/amsfonts/cm/cmr17.pfb><C:/
Program Files/MiKTeX 2.9/fonts/type1/public/amsfonts/cm/cmr8.pfb><C:/Program Fi
les/MiKTeX 2.9/fonts/type1/public/amsfonts/cm/cmsy10.pfb><C:/Program Files/MiKT
eX 2.9/fonts/type1/public/amsfonts/cm/cmsy8.pfb><C:/Program Files/MiKTeX 2.9/fo
nts/type1/public/amsfonts/cm/cmti10.pfb><C:/Program Files/MiKTeX 2.9/fonts/type
1/public/amsfonts/cm/cmti12.pfb><C:/Program Files/MiKTeX 2.9/fonts/type1/public
/amsfonts/cm/cmtt10.pfb><C:/Program Files/MiKTeX 2.9/fonts/type1/public/amsfont
s/cm/cmtt12.pfb>
Output written on kcorebip_man.pdf (20 pages, 2775566 bytes).
PDF statistics:
 297 PDF objects out of 1000 (max. 8388607)
 43 named destinations out of 1000 (max. 500000)
 64 words of extra memory for PDF output out of 10000 (max. 10000000)

